C51 COMPILER V9.60.0.0   LCD                                                               11/29/2021 17:15:03 PAGE 1   


C51 COMPILER V9.60.0.0, COMPILATION OF MODULE LCD
OBJECT MODULE PLACED IN .\Objects\lcd.obj
COMPILER INVOKED BY: C:\Keil_v5\C51\BIN\C51.EXE LCD\lcd.c OPTIMIZE(8,SPEED) BROWSE DEBUG OBJECTEXTEND PRINT(.\Listings\l
                    -cd.lst) TABS(2) OBJECT(.\Objects\lcd.obj)

line level    source

   1          #include<reg51.h>
   2          sbit rs=P1^0;
   3          sbit rw=P1^1;
   4          sbit en=P1^2;
   5          void lcdcmd(unsigned char);
   6          void lcddat(unsigned char);
   7          void delay();
   8          void main()
   9          {
  10   1        P2=0x00;//  output declaration,data lines d0-d7 connected with P2 
  11   1        while(1)
  12   1        {
  13   2          lcdcmd(0x38);//5x7 matrix crystal
  14   2          delay();
  15   2          lcdcmd(0x01);//clear screen
  16   2          delay();
  17   2          lcdcmd(0x10);//cursor blinking
  18   2          delay();
  19   2          lcdcmd(0x0c);//display on
  20   2          delay();
  21   2          lcddat('E');
  22   2          delay();
  23   2          lcddat('M');
  24   2          delay();
  25   2          lcddat('B');
  26   2          delay();
  27   2        }
  28   1      }
  29          void lcdcmd(unsigned char val)
  30          {
  31   1        P2=val;
  32   1        rs=0;
  33   1        rw=0;
  34   1        en=1;
  35   1        delay();
  36   1        en=0; 
  37   1      }
  38          void lcddat(unsigned char val)
  39          {
  40   1        P2=val;
  41   1        rs=1;
  42   1        rw=0;
  43   1        en=1;
  44   1        delay();
  45   1        en=0;
  46   1      }
  47          void delay()
  48          {
  49   1        unsigned int i;
  50   1        for(i=0;i<12000;i++);
  51   1      }


MODULE INFORMATION:   STATIC OVERLAYABLE
C51 COMPILER V9.60.0.0   LCD                                                               11/29/2021 17:15:03 PAGE 2   

   CODE SIZE        =    104    ----
   CONSTANT SIZE    =   ----    ----
   XDATA SIZE       =   ----    ----
   PDATA SIZE       =   ----    ----
   DATA SIZE        =   ----    ----
   IDATA SIZE       =   ----    ----
   BIT SIZE         =   ----    ----
END OF MODULE INFORMATION.


C51 COMPILATION COMPLETE.  0 WARNING(S),  0 ERROR(S)
