C51 COMPILER V9.60.0.0   LED_HEX                                                           12/06/2021 19:58:54 PAGE 1   


C51 COMPILER V9.60.0.0, COMPILATION OF MODULE LED_HEX
OBJECT MODULE PLACED IN .\Objects\LED_HEX.obj
COMPILER INVOKED BY: C:\Keil_v5\C51\BIN\C51.EXE LED_HEX.C OPTIMIZE(8,SPEED) BROWSE DEBUG OBJECTEXTEND PRINT(.\Listings\L
                    -ED_HEX.lst) TABS(2) OBJECT(.\Objects\LED_HEX.obj)

line level    source

   1          
   2          #include <at89c51xd2.h>
   3           my_delay()
   4          {
   5   1          int i;
   6   1          for(i=0;i<10000;i++);
   7   1       }
   8          void main(void)
   9           {
  10   1       P1= 0X00;
  11   1       while(1)
  12   1         {
  13   2          P1 = 0XF0; //Display binary pattern as 11110000 on Port P1
  14   2          my_delay();
  15   2          P1 = 0x00;
  16   2          my_delay();
  17   2         }
  18   1        }
  19          
*** WARNING C290 IN LINE 7 OF LED_HEX.C: missing return value


MODULE INFORMATION:   STATIC OVERLAYABLE
   CODE SIZE        =     32    ----
   CONSTANT SIZE    =   ----    ----
   XDATA SIZE       =   ----    ----
   PDATA SIZE       =   ----    ----
   DATA SIZE        =   ----    ----
   IDATA SIZE       =   ----    ----
   BIT SIZE         =   ----    ----
END OF MODULE INFORMATION.


C51 COMPILATION COMPLETE.  1 WARNING(S),  0 ERROR(S)
