C51 COMPILER V9.60.0.0   LED                                                               10/09/2021 15:34:38 PAGE 1   


C51 COMPILER V9.60.0.0, COMPILATION OF MODULE LED
OBJECT MODULE PLACED IN .\Objects\LED.obj
COMPILER INVOKED BY: C:\Keil_v5\C51\BIN\C51.EXE LED.C OPTIMIZE(8,SPEED) BROWSE DEBUG OBJECTEXTEND PRINT(.\Listings\LED.l
                    -st) TABS(2) OBJECT(.\Objects\LED.obj)

line level    source

   1          #include <at89c51xd2.h>
   2          
   3          void my_delay()
   4          {
   5   1        int i;
   6   1        for(i=0;i<=10000;i++);
   7   1      }
   8          void main()
   9          {
  10   1        P1 = 0X00;
  11   1        while(1)
  12   1        {
  13   2          P1 = 0XFF;
  14   2          my_delay();
  15   2          P1 = 0X00;
  16   2          my_delay();
  17   2        }
  18   1      }


MODULE INFORMATION:   STATIC OVERLAYABLE
   CODE SIZE        =     32    ----
   CONSTANT SIZE    =   ----    ----
   XDATA SIZE       =   ----    ----
   PDATA SIZE       =   ----    ----
   DATA SIZE        =   ----    ----
   IDATA SIZE       =   ----    ----
   BIT SIZE         =   ----    ----
END OF MODULE INFORMATION.


C51 COMPILATION COMPLETE.  0 WARNING(S),  0 ERROR(S)
