C51 COMPILER V9.60.0.0   AS1                                                               12/06/2021 19:29:57 PAGE 1   


C51 COMPILER V9.60.0.0, COMPILATION OF MODULE AS1
OBJECT MODULE PLACED IN .\Objects\as1.obj
COMPILER INVOKED BY: C:\Keil_v5\C51\BIN\C51.EXE as1.c OPTIMIZE(8,SPEED) BROWSE DEBUG OBJECTEXTEND PRINT(.\Listings\as1.l
                    -st) TABS(2) OBJECT(.\Objects\as1.obj)

line level    source

   1          #include <at89c51xd2.h>
   2           my_delay()
   3          {
   4   1          int i;
   5   1          for(i=0;i<10000;i++);
   6   1      }
   7          void main(void)
   8          {
   9   1          P1= 0X00;
  10   1       while(1)
  11   1         {
  12   2          unsigned char j;
  13   2          for(j=0;j<255;j++)
  14   2            P1 = j;
  15   2            my_delay();
  16   2         }
  17   1      }
*** WARNING C290 IN LINE 6 OF as1.c: missing return value


MODULE INFORMATION:   STATIC OVERLAYABLE
   CODE SIZE        =     44    ----
   CONSTANT SIZE    =   ----    ----
   XDATA SIZE       =   ----    ----
   PDATA SIZE       =   ----    ----
   DATA SIZE        =   ----       1
   IDATA SIZE       =   ----    ----
   BIT SIZE         =   ----    ----
END OF MODULE INFORMATION.


C51 COMPILATION COMPLETE.  1 WARNING(S),  0 ERROR(S)
