C51 COMPILER V9.60.0.0   7SEG                                                              10/10/2021 21:01:26 PAGE 1   


C51 COMPILER V9.60.0.0, COMPILATION OF MODULE 7SEG
OBJECT MODULE PLACED IN .\Objects\7seg.obj
COMPILER INVOKED BY: C:\Keil_v5\C51\BIN\C51.EXE 7seg.c OPTIMIZE(8,SPEED) BROWSE DEBUG OBJECTEXTEND PRINT(.\Listings\7seg
                    -.lst) TABS(2) OBJECT(.\Objects\7seg.obj)

line level    source

   1          #include <reg51.h>
   2          
   3          void DELAY_ms(unsigned int ms_Count)
   4          {
   5   1          unsigned int i,j;
   6   1          for(i=0;i<ms_Count;i++)
   7   1          {
   8   2              for(j=0;j<100;j++);
   9   2          }
  10   1      }
  11          
  12          int main() 
  13          {
  14   1          char seg_code[]={0xc0,0xf9,0xa4,0xb0,0x99,0x92,0x82,0xf8,0x80,0x90};
  15   1          int i;
  16   1      
  17   1          while (1) 
  18   1          {
  19   2              for (i = 0; i <= 9; i++) // loop to display 0-9
  20   2              {
  21   3                  P2 = seg_code[i]; 
  22   3                  DELAY_ms(1000);
  23   3              }
  24   2          }
  25   1      }


MODULE INFORMATION:   STATIC OVERLAYABLE
   CODE SIZE        =     81    ----
   CONSTANT SIZE    =     10    ----
   XDATA SIZE       =   ----    ----
   PDATA SIZE       =   ----    ----
   DATA SIZE        =   ----      10
   IDATA SIZE       =   ----    ----
   BIT SIZE         =   ----    ----
END OF MODULE INFORMATION.


C51 COMPILATION COMPLETE.  0 WARNING(S),  0 ERROR(S)
