C51 COMPILER V9.60.0.0   SINEWAVE                                                          12/06/2021 20:38:46 PAGE 1   


C51 COMPILER V9.60.0.0, COMPILATION OF MODULE SINEWAVE
OBJECT MODULE PLACED IN .\Objects\sinewave.obj
COMPILER INVOKED BY: C:\Keil_v5\C51\BIN\C51.EXE sinewave.c OPTIMIZE(8,SPEED) BROWSE DEBUG OBJECTEXTEND PRINT(.\Listings\
                    -sinewave.lst) TABS(2) OBJECT(.\Objects\sinewave.obj)

line level    source

   1          #include <at89c51xd2.h>
   2          #include <intrins.h>
   3          
   4          void main()
   5          {
   6   1        int sin_val[12] = (128,192,238,255,238,192,120,64,17,0,17,64);
   7   1        int i;
   8   1        P1 = 0x00; //use p1 as output
   9   1        while(1)
  10   1        {
  11   2          
  12   2          for(i=0;i<12;i++)
  13   2          {
  14   3            P1 = sin_val[i];
  15   3            _nop_();
  16   3            _nop_();
  17   3          
  18   3          }
  19   2        }
  20   1      }


MODULE INFORMATION:   STATIC OVERLAYABLE
   CODE SIZE        =     50    ----
   CONSTANT SIZE    =     24    ----
   XDATA SIZE       =   ----    ----
   PDATA SIZE       =   ----    ----
   DATA SIZE        =   ----      24
   IDATA SIZE       =   ----    ----
   BIT SIZE         =   ----    ----
END OF MODULE INFORMATION.


C51 COMPILATION COMPLETE.  0 WARNING(S),  0 ERROR(S)
