C51 COMPILER V9.60.0.0   LCD                                                               12/22/2021 12:50:20 PAGE 1   


C51 COMPILER V9.60.0.0, COMPILATION OF MODULE LCD
OBJECT MODULE PLACED IN .\Objects\Lcd.obj
COMPILER INVOKED BY: C:\Keil_v5\C51\BIN\C51.EXE Lcd.c OPTIMIZE(8,SPEED) BROWSE DEBUG OBJECTEXTEND PRINT(.\Listings\Lcd.l
                    -st) TABS(2) OBJECT(.\Objects\Lcd.obj)

line level    source

   1          #include<reg51.h>
   2          #include<stdio.h>
   3          
   4          void lcdinit();
   5          void lcdcmnd(unsigned char x);
   6          void lcddata(unsigned char y);
   7          sbit rs=P2^0;
   8          sbit rw=P2^1;
   9          sbit en=P2^2;
  10          void delay(int m, int n);
  11          void main()
  12          {
  13   1        unsigned char t[5]="MANSI";
  14   1        unsigned char r[15]="MICROCONTROLLER",i;
  15   1        P3=0x00;
  16   1        P2=0x00;
  17   1        lcdcmnd(0x38);
  18   1        delay(2,2);
  19   1        lcdcmnd(0x0e);
  20   1        delay(2,2);
  21   1        lcdcmnd(0x06);
  22   1        delay(2,2);
  23   1        lcdcmnd(0x085);
  24   1        delay(2,2);
  25   1        for(i=0;i<5;i++)
  26   1        {
  27   2          lcddata(t[i]);
  28   2          delay(5,1);
  29   2        }
  30   1        lcdcmnd(0xC0);
  31   1        delay(2,2);
  32   1        for(i=0;i<15;i++)
  33   1        {
  34   2          lcddata(r[i]);
  35   2          delay(5,1);
  36   2        }
  37   1      }
  38          void delay(int m,int n)
  39          {
  40   1        int i,j;
  41   1        for(i=0;i<m;i++)
  42   1        {
  43   2          for(j=0;j<n;j++)
  44   2          for(i=0;i<m;i++)
  45   2          {
  46   3            for(j=0;j<n;j++)
  47   3            {
  48   4            }
  49   3          }
  50   2        }
  51   1      }
  52          void lcdcmnd(unsigned char x)
  53          {
  54   1        P3=x;
C51 COMPILER V9.60.0.0   LCD                                                               12/22/2021 12:50:20 PAGE 2   

  55   1        rs=0;
  56   1        rw=0;
  57   1        en=1;
  58   1        delay(2,2);
  59   1        en=0; 
  60   1      }
  61          void lcddata(unsigned char y)
  62          {
  63   1        P3=y;
  64   1        rs=1;
  65   1        rw=0;
  66   1        en=1;
  67   1        delay(2,2);
  68   1        en=0;
  69   1      }


MODULE INFORMATION:   STATIC OVERLAYABLE
   CODE SIZE        =    281    ----
   CONSTANT SIZE    =     20    ----
   XDATA SIZE       =   ----    ----
   PDATA SIZE       =   ----    ----
   DATA SIZE        =   ----      21
   IDATA SIZE       =   ----    ----
   BIT SIZE         =   ----    ----
END OF MODULE INFORMATION.


C51 COMPILATION COMPLETE.  0 WARNING(S),  0 ERROR(S)
